This is pdfTeX, Version 3.14159265-2.6-1.40.19 (TeX Live 2018) (preloaded format=pdflatex 2018.7.9)  13 JUL 2021 09:12
entering extended mode
 restricted \write18 enabled.
 file:line:error style messages enabled.
 %&-line parsing enabled.
**index.tex
(./index.tex
LaTeX2e <2018-04-01> patch level 2
Babel <3.18> and hyphenation patterns for 84 language(s) loaded.
(/usr/local/texlive/2018/texmf-dist/tex/latex/base/article.cls
Document Class: article 2014/09/29 v1.4h Standard LaTeX document class
(/usr/local/texlive/2018/texmf-dist/tex/latex/base/size10.clo
File: size10.clo 2014/09/29 v1.4h Standard LaTeX file (size option)
)
\c@part=\count80
\c@section=\count81
\c@subsection=\count82
\c@subsubsection=\count83
\c@paragraph=\count84
\c@subparagraph=\count85
\c@figure=\count86
\c@table=\count87
\abovecaptionskip=\skip41
\belowcaptionskip=\skip42
\bibindent=\dimen102
)
(/usr/local/texlive/2018/texmf-dist/tex/latex/base/inputenc.sty
Package: inputenc 2018/04/06 v1.3b Input encoding file
\inpenc@prehook=\toks14
\inpenc@posthook=\toks15
)
(/usr/local/texlive/2018/texmf-dist/tex/latex/graphics/graphicx.sty
Package: graphicx 2017/06/01 v1.1a Enhanced LaTeX Graphics (DPC,SPQR)

(/usr/local/texlive/2018/texmf-dist/tex/latex/graphics/keyval.sty
Package: keyval 2014/10/28 v1.15 key=value parser (DPC)
\KV@toks@=\toks16
)
(/usr/local/texlive/2018/texmf-dist/tex/latex/graphics/graphics.sty
Package: graphics 2017/06/25 v1.2c Standard LaTeX Graphics (DPC,SPQR)

(/usr/local/texlive/2018/texmf-dist/tex/latex/graphics/trig.sty
Package: trig 2016/01/03 v1.10 sin cos tan (DPC)
)
(/usr/local/texlive/2018/texmf-dist/tex/latex/graphics-cfg/graphics.cfg
File: graphics.cfg 2016/06/04 v1.11 sample graphics configuration
)
Package graphics Info: Driver file: pdftex.def on input line 99.

(/usr/local/texlive/2018/texmf-dist/tex/latex/graphics-def/pdftex.def
File: pdftex.def 2018/01/08 v1.0l Graphics/color driver for pdftex
))
\Gin@req@height=\dimen103
\Gin@req@width=\dimen104
)
(/usr/local/texlive/2018/texmf-dist/tex/latex/background/background.sty
Package: background 2014/03/04 v2.1 background material

(/usr/local/texlive/2018/texmf-dist/tex/latex/xkeyval/xkeyval.sty
Package: xkeyval 2014/12/03 v2.7a package option processing (HA)

(/usr/local/texlive/2018/texmf-dist/tex/generic/xkeyval/xkeyval.tex
(/usr/local/texlive/2018/texmf-dist/tex/generic/xkeyval/xkvutils.tex
\XKV@toks=\toks17
\XKV@tempa@toks=\toks18
)
\XKV@depth=\count88
File: xkeyval.tex 2014/12/03 v2.7a key=value parser (HA)
))
(/usr/local/texlive/2018/texmf-dist/tex/latex/pgf/frontendlayer/tikz.sty
(/usr/local/texlive/2018/texmf-dist/tex/latex/pgf/basiclayer/pgf.sty
(/usr/local/texlive/2018/texmf-dist/tex/latex/pgf/utilities/pgfrcs.sty
(/usr/local/texlive/2018/texmf-dist/tex/generic/pgf/utilities/pgfutil-common.te
x
\pgfutil@everybye=\toks19
\pgfutil@tempdima=\dimen105
\pgfutil@tempdimb=\dimen106

(/usr/local/texlive/2018/texmf-dist/tex/generic/pgf/utilities/pgfutil-common-li
sts.tex))
(/usr/local/texlive/2018/texmf-dist/tex/generic/pgf/utilities/pgfutil-latex.def
\pgfutil@abb=\box26
(/usr/local/texlive/2018/texmf-dist/tex/latex/ms/everyshi.sty
Package: everyshi 2001/05/15 v3.00 EveryShipout Package (MS)
))
(/usr/local/texlive/2018/texmf-dist/tex/generic/pgf/utilities/pgfrcs.code.tex
Package: pgfrcs 2015/08/07 v3.0.1a (rcs-revision 1.31)
))
Package: pgf 2015/08/07 v3.0.1a (rcs-revision 1.15)
(/usr/local/texlive/2018/texmf-dist/tex/latex/pgf/basiclayer/pgfcore.sty
(/usr/local/texlive/2018/texmf-dist/tex/latex/pgf/systemlayer/pgfsys.sty
(/usr/local/texlive/2018/texmf-dist/tex/generic/pgf/systemlayer/pgfsys.code.tex
Package: pgfsys 2014/07/09 v3.0.1a (rcs-revision 1.48)
(/usr/local/texlive/2018/texmf-dist/tex/generic/pgf/utilities/pgfkeys.code.tex
\pgfkeys@pathtoks=\toks20
\pgfkeys@temptoks=\toks21

(/usr/local/texlive/2018/texmf-dist/tex/generic/pgf/utilities/pgfkeysfiltered.c
ode.tex
\pgfkeys@tmptoks=\toks22
))
\pgf@x=\dimen107
\pgf@y=\dimen108
\pgf@xa=\dimen109
\pgf@ya=\dimen110
\pgf@xb=\dimen111
\pgf@yb=\dimen112
\pgf@xc=\dimen113
\pgf@yc=\dimen114
\w@pgf@writea=\write3
\r@pgf@reada=\read1
\c@pgf@counta=\count89
\c@pgf@countb=\count90
\c@pgf@countc=\count91
\c@pgf@countd=\count92
\t@pgf@toka=\toks23
\t@pgf@tokb=\toks24
\t@pgf@tokc=\toks25

(/usr/local/texlive/2018/texmf-dist/tex/generic/pgf/systemlayer/pgf.cfg
File: pgf.cfg 2008/05/14  (rcs-revision 1.7)
)
Driver file for pgf: pgfsys-pdftex.def

(/usr/local/texlive/2018/texmf-dist/tex/generic/pgf/systemlayer/pgfsys-pdftex.d
ef
File: pgfsys-pdftex.def 2014/10/11  (rcs-revision 1.35)

(/usr/local/texlive/2018/texmf-dist/tex/generic/pgf/systemlayer/pgfsys-common-p
df.def
File: pgfsys-common-pdf.def 2013/10/10  (rcs-revision 1.13)
)))
(/usr/local/texlive/2018/texmf-dist/tex/generic/pgf/systemlayer/pgfsyssoftpath.
code.tex
File: pgfsyssoftpath.code.tex 2013/09/09  (rcs-revision 1.9)
\pgfsyssoftpath@smallbuffer@items=\count93
\pgfsyssoftpath@bigbuffer@items=\count94
)
(/usr/local/texlive/2018/texmf-dist/tex/generic/pgf/systemlayer/pgfsysprotocol.
code.tex
File: pgfsysprotocol.code.tex 2006/10/16  (rcs-revision 1.4)
)) (/usr/local/texlive/2018/texmf-dist/tex/latex/xcolor/xcolor.sty
Package: xcolor 2016/05/11 v2.12 LaTeX color extensions (UK)

(/usr/local/texlive/2018/texmf-dist/tex/latex/graphics-cfg/color.cfg
File: color.cfg 2016/01/02 v1.6 sample color configuration
)
Package xcolor Info: Driver file: pdftex.def on input line 225.
Package xcolor Info: Model `cmy' substituted by `cmy0' on input line 1348.
Package xcolor Info: Model `hsb' substituted by `rgb' on input line 1352.
Package xcolor Info: Model `RGB' extended on input line 1364.
Package xcolor Info: Model `HTML' substituted by `rgb' on input line 1366.
Package xcolor Info: Model `Hsb' substituted by `hsb' on input line 1367.
Package xcolor Info: Model `tHsb' substituted by `hsb' on input line 1368.
Package xcolor Info: Model `HSB' substituted by `hsb' on input line 1369.
Package xcolor Info: Model `Gray' substituted by `gray' on input line 1370.
Package xcolor Info: Model `wave' substituted by `hsb' on input line 1371.
)
(/usr/local/texlive/2018/texmf-dist/tex/generic/pgf/basiclayer/pgfcore.code.tex
Package: pgfcore 2010/04/11 v3.0.1a (rcs-revision 1.7)
(/usr/local/texlive/2018/texmf-dist/tex/generic/pgf/math/pgfmath.code.tex
(/usr/local/texlive/2018/texmf-dist/tex/generic/pgf/math/pgfmathcalc.code.tex
(/usr/local/texlive/2018/texmf-dist/tex/generic/pgf/math/pgfmathutil.code.tex)
(/usr/local/texlive/2018/texmf-dist/tex/generic/pgf/math/pgfmathparser.code.tex
\pgfmath@dimen=\dimen115
\pgfmath@count=\count95
\pgfmath@box=\box27
\pgfmath@toks=\toks26
\pgfmath@stack@operand=\toks27
\pgfmath@stack@operation=\toks28
)
(/usr/local/texlive/2018/texmf-dist/tex/generic/pgf/math/pgfmathfunctions.code.
tex
(/usr/local/texlive/2018/texmf-dist/tex/generic/pgf/math/pgfmathfunctions.basic
.code.tex)
(/usr/local/texlive/2018/texmf-dist/tex/generic/pgf/math/pgfmathfunctions.trigo
nometric.code.tex)
(/usr/local/texlive/2018/texmf-dist/tex/generic/pgf/math/pgfmathfunctions.rando
m.code.tex)
(/usr/local/texlive/2018/texmf-dist/tex/generic/pgf/math/pgfmathfunctions.compa
rison.code.tex)
(/usr/local/texlive/2018/texmf-dist/tex/generic/pgf/math/pgfmathfunctions.base.
code.tex)
(/usr/local/texlive/2018/texmf-dist/tex/generic/pgf/math/pgfmathfunctions.round
.code.tex)
(/usr/local/texlive/2018/texmf-dist/tex/generic/pgf/math/pgfmathfunctions.misc.
code.tex)
(/usr/local/texlive/2018/texmf-dist/tex/generic/pgf/math/pgfmathfunctions.integ
erarithmetics.code.tex)))
(/usr/local/texlive/2018/texmf-dist/tex/generic/pgf/math/pgfmathfloat.code.tex
\c@pgfmathroundto@lastzeros=\count96
))
(/usr/local/texlive/2018/texmf-dist/tex/generic/pgf/basiclayer/pgfcorepoints.co
de.tex
File: pgfcorepoints.code.tex 2013/10/07  (rcs-revision 1.27)
\pgf@picminx=\dimen116
\pgf@picmaxx=\dimen117
\pgf@picminy=\dimen118
\pgf@picmaxy=\dimen119
\pgf@pathminx=\dimen120
\pgf@pathmaxx=\dimen121
\pgf@pathminy=\dimen122
\pgf@pathmaxy=\dimen123
\pgf@xx=\dimen124
\pgf@xy=\dimen125
\pgf@yx=\dimen126
\pgf@yy=\dimen127
\pgf@zx=\dimen128
\pgf@zy=\dimen129
)
(/usr/local/texlive/2018/texmf-dist/tex/generic/pgf/basiclayer/pgfcorepathconst
ruct.code.tex
File: pgfcorepathconstruct.code.tex 2013/10/07  (rcs-revision 1.29)
\pgf@path@lastx=\dimen130
\pgf@path@lasty=\dimen131
)
(/usr/local/texlive/2018/texmf-dist/tex/generic/pgf/basiclayer/pgfcorepathusage
.code.tex
File: pgfcorepathusage.code.tex 2014/11/02  (rcs-revision 1.24)
\pgf@shorten@end@additional=\dimen132
\pgf@shorten@start@additional=\dimen133
)
(/usr/local/texlive/2018/texmf-dist/tex/generic/pgf/basiclayer/pgfcorescopes.co
de.tex
File: pgfcorescopes.code.tex 2015/05/08  (rcs-revision 1.46)
\pgfpic=\box28
\pgf@hbox=\box29
\pgf@layerbox@main=\box30
\pgf@picture@serial@count=\count97
)
(/usr/local/texlive/2018/texmf-dist/tex/generic/pgf/basiclayer/pgfcoregraphicst
ate.code.tex
File: pgfcoregraphicstate.code.tex 2014/11/02  (rcs-revision 1.12)
\pgflinewidth=\dimen134
)
(/usr/local/texlive/2018/texmf-dist/tex/generic/pgf/basiclayer/pgfcoretransform
ations.code.tex
File: pgfcoretransformations.code.tex 2015/08/07  (rcs-revision 1.20)
\pgf@pt@x=\dimen135
\pgf@pt@y=\dimen136
\pgf@pt@temp=\dimen137
)
(/usr/local/texlive/2018/texmf-dist/tex/generic/pgf/basiclayer/pgfcorequick.cod
e.tex
File: pgfcorequick.code.tex 2008/10/09  (rcs-revision 1.3)
)
(/usr/local/texlive/2018/texmf-dist/tex/generic/pgf/basiclayer/pgfcoreobjects.c
ode.tex
File: pgfcoreobjects.code.tex 2006/10/11  (rcs-revision 1.2)
)
(/usr/local/texlive/2018/texmf-dist/tex/generic/pgf/basiclayer/pgfcorepathproce
ssing.code.tex
File: pgfcorepathprocessing.code.tex 2013/09/09  (rcs-revision 1.9)
)
(/usr/local/texlive/2018/texmf-dist/tex/generic/pgf/basiclayer/pgfcorearrows.co
de.tex
File: pgfcorearrows.code.tex 2015/05/14  (rcs-revision 1.43)
\pgfarrowsep=\dimen138
)
(/usr/local/texlive/2018/texmf-dist/tex/generic/pgf/basiclayer/pgfcoreshade.cod
e.tex
File: pgfcoreshade.code.tex 2013/07/15  (rcs-revision 1.15)
\pgf@max=\dimen139
\pgf@sys@shading@range@num=\count98
)
(/usr/local/texlive/2018/texmf-dist/tex/generic/pgf/basiclayer/pgfcoreimage.cod
e.tex
File: pgfcoreimage.code.tex 2013/07/15  (rcs-revision 1.18)

(/usr/local/texlive/2018/texmf-dist/tex/generic/pgf/basiclayer/pgfcoreexternal.
code.tex
File: pgfcoreexternal.code.tex 2014/07/09  (rcs-revision 1.21)
\pgfexternal@startupbox=\box31
))
(/usr/local/texlive/2018/texmf-dist/tex/generic/pgf/basiclayer/pgfcorelayers.co
de.tex
File: pgfcorelayers.code.tex 2013/07/18  (rcs-revision 1.7)
)
(/usr/local/texlive/2018/texmf-dist/tex/generic/pgf/basiclayer/pgfcoretranspare
ncy.code.tex
File: pgfcoretransparency.code.tex 2013/09/30  (rcs-revision 1.5)
)
(/usr/local/texlive/2018/texmf-dist/tex/generic/pgf/basiclayer/pgfcorepatterns.
code.tex
File: pgfcorepatterns.code.tex 2013/11/07  (rcs-revision 1.5)
)))
(/usr/local/texlive/2018/texmf-dist/tex/generic/pgf/modules/pgfmoduleshapes.cod
e.tex
File: pgfmoduleshapes.code.tex 2014/03/21  (rcs-revision 1.35)
\pgfnodeparttextbox=\box32
)
(/usr/local/texlive/2018/texmf-dist/tex/generic/pgf/modules/pgfmoduleplot.code.
tex
File: pgfmoduleplot.code.tex 2015/08/03  (rcs-revision 1.13)
)
(/usr/local/texlive/2018/texmf-dist/tex/latex/pgf/compatibility/pgfcomp-version
-0-65.sty
Package: pgfcomp-version-0-65 2007/07/03 v3.0.1a (rcs-revision 1.7)
\pgf@nodesepstart=\dimen140
\pgf@nodesepend=\dimen141
)
(/usr/local/texlive/2018/texmf-dist/tex/latex/pgf/compatibility/pgfcomp-version
-1-18.sty
Package: pgfcomp-version-1-18 2007/07/23 v3.0.1a (rcs-revision 1.1)
))
(/usr/local/texlive/2018/texmf-dist/tex/latex/pgf/utilities/pgffor.sty
(/usr/local/texlive/2018/texmf-dist/tex/latex/pgf/utilities/pgfkeys.sty
(/usr/local/texlive/2018/texmf-dist/tex/generic/pgf/utilities/pgfkeys.code.tex)
) (/usr/local/texlive/2018/texmf-dist/tex/latex/pgf/math/pgfmath.sty
(/usr/local/texlive/2018/texmf-dist/tex/generic/pgf/math/pgfmath.code.tex))
(/usr/local/texlive/2018/texmf-dist/tex/generic/pgf/utilities/pgffor.code.tex
Package: pgffor 2013/12/13 v3.0.1a (rcs-revision 1.25)

(/usr/local/texlive/2018/texmf-dist/tex/generic/pgf/math/pgfmath.code.tex)
\pgffor@iter=\dimen142
\pgffor@skip=\dimen143
\pgffor@stack=\toks29
\pgffor@toks=\toks30
))
(/usr/local/texlive/2018/texmf-dist/tex/generic/pgf/frontendlayer/tikz/tikz.cod
e.tex
Package: tikz 2015/08/07 v3.0.1a (rcs-revision 1.151)

(/usr/local/texlive/2018/texmf-dist/tex/generic/pgf/libraries/pgflibraryplothan
dlers.code.tex
File: pgflibraryplothandlers.code.tex 2013/08/31 v3.0.1a (rcs-revision 1.20)
\pgf@plot@mark@count=\count99
\pgfplotmarksize=\dimen144
)
\tikz@lastx=\dimen145
\tikz@lasty=\dimen146
\tikz@lastxsaved=\dimen147
\tikz@lastysaved=\dimen148
\tikzleveldistance=\dimen149
\tikzsiblingdistance=\dimen150
\tikz@figbox=\box33
\tikz@figbox@bg=\box34
\tikz@tempbox=\box35
\tikz@tempbox@bg=\box36
\tikztreelevel=\count100
\tikznumberofchildren=\count101
\tikznumberofcurrentchild=\count102
\tikz@fig@count=\count103

(/usr/local/texlive/2018/texmf-dist/tex/generic/pgf/modules/pgfmodulematrix.cod
e.tex
File: pgfmodulematrix.code.tex 2013/09/17  (rcs-revision 1.8)
\pgfmatrixcurrentrow=\count104
\pgfmatrixcurrentcolumn=\count105
\pgf@matrix@numberofcolumns=\count106
)
\tikz@expandcount=\count107

(/usr/local/texlive/2018/texmf-dist/tex/generic/pgf/frontendlayer/tikz/librarie
s/tikzlibrarytopaths.code.tex
File: tikzlibrarytopaths.code.tex 2008/06/17 v3.0.1a (rcs-revision 1.2)
)))
(/usr/local/texlive/2018/texmf-dist/tex/latex/everypage/everypage.sty
Package: everypage 2007/06/20 1.1 Hooks to run on every page
)
(/usr/local/texlive/2018/texmf-dist/tex/latex/tools/afterpage.sty
Package: afterpage 2014/10/28 v1.08 After-Page Package (DPC)
\AP@output=\toks31
\AP@partial=\box37
\AP@footins=\box38
))
(/usr/local/texlive/2018/texmf-dist/tex/latex/tocbibind/tocbibind.sty
Package: tocbibind 2010/10/13 v1.5k extra ToC listings
Package tocbibind Info: The document has section divisions on input line 50.


Package tocbibind Note: Using section or other style headings.

) (/usr/local/texlive/2018/texmf-dist/tex/latex/amsfonts/amssymb.sty
Package: amssymb 2013/01/14 v3.01 AMS font symbols

(/usr/local/texlive/2018/texmf-dist/tex/latex/amsfonts/amsfonts.sty
Package: amsfonts 2013/01/14 v3.01 Basic AMSFonts support
\@emptytoks=\toks32
\symAMSa=\mathgroup4
\symAMSb=\mathgroup5
LaTeX Font Info:    Overwriting math alphabet `\mathfrak' in version `bold'
(Font)                  U/euf/m/n --> U/euf/b/n on input line 106.
))
(/usr/local/texlive/2018/texmf-dist/tex/latex/psnfss/pifont.sty
Package: pifont 2005/04/12 PSNFSS-v9.2a Pi font support (SPQR) 
LaTeX Font Info:    Try loading font information for U+pzd on input line 63.

(/usr/local/texlive/2018/texmf-dist/tex/latex/psnfss/upzd.fd
File: upzd.fd 2001/06/04 font definitions for U/pzd.
)
LaTeX Font Info:    Try loading font information for U+psy on input line 64.

(/usr/local/texlive/2018/texmf-dist/tex/latex/psnfss/upsy.fd
File: upsy.fd 2001/06/04 font definitions for U/psy.
))
(/usr/local/texlive/2018/texmf-dist/tex/latex/tools/tabularx.sty
Package: tabularx 2016/02/03 v2.11b `tabularx' package (DPC)

(/usr/local/texlive/2018/texmf-dist/tex/latex/tools/array.sty
Package: array 2018/04/07 v2.4g Tabular extension package (FMi)
\col@sep=\dimen151
\ar@mcellbox=\box39
\extrarowheight=\dimen152
\NC@list=\toks33
\extratabsurround=\skip43
\backup@length=\skip44
\ar@cellbox=\box40
)
\TX@col@width=\dimen153
\TX@old@table=\dimen154
\TX@old@col=\dimen155
\TX@target=\dimen156
\TX@delta=\dimen157
\TX@cols=\count108
\TX@ftn=\toks34
)
(/usr/local/texlive/2018/texmf-dist/tex/latex/booktabs/booktabs.sty
Package: booktabs 2016/04/27 v1.618033 publication quality tables
\heavyrulewidth=\dimen158
\lightrulewidth=\dimen159
\cmidrulewidth=\dimen160
\belowrulesep=\dimen161
\belowbottomsep=\dimen162
\aboverulesep=\dimen163
\abovetopsep=\dimen164
\cmidrulesep=\dimen165
\cmidrulekern=\dimen166
\defaultaddspace=\dimen167
\@cmidla=\count109
\@cmidlb=\count110
\@aboverulesep=\dimen168
\@belowrulesep=\dimen169
\@thisruleclass=\count111
\@lastruleclass=\count112
\@thisrulewidth=\dimen170
)
(/usr/local/texlive/2018/texmf-dist/tex/latex/makecell/makecell.sty
Package: makecell 2009/08/03 V0.1e Managing of Tab Column Heads and Cells
\rotheadsize=\dimen171
\c@nlinenum=\count113
\TeXr@lab=\toks35
)
(/usr/local/texlive/2018/texmf-dist/tex/latex/caption/caption.sty
Package: caption 2016/02/21 v3.3-144 Customizing captions (AR)

(/usr/local/texlive/2018/texmf-dist/tex/latex/caption/caption3.sty
Package: caption3 2016/05/22 v1.7-166 caption3 kernel (AR)
Package caption3 Info: TeX engine: e-TeX on input line 67.
\captionmargin=\dimen172
\captionmargin@=\dimen173
\captionwidth=\dimen174
\caption@tempdima=\dimen175
\caption@indent=\dimen176
\caption@parindent=\dimen177
\caption@hangindent=\dimen178
)
\c@ContinuedFloat=\count114
)
(/usr/local/texlive/2018/texmf-dist/tex/latex/siunitx/siunitx.sty
(/usr/local/texlive/2018/texmf-dist/tex/latex/l3kernel/expl3.sty
Package: expl3 2018/03/05 L3 programming layer (loader) 

(/usr/local/texlive/2018/texmf-dist/tex/latex/l3kernel/expl3-code.tex
Package: expl3 2018/03/05 L3 programming layer (code)
\c_max_int=\count115
\l_tmpa_int=\count116
\l_tmpb_int=\count117
\g_tmpa_int=\count118
\g_tmpb_int=\count119
\g__intarray_font_int=\count120
\g__prg_map_int=\count121
\c_log_iow=\count122
\l_iow_line_count_int=\count123
\l__iow_line_target_int=\count124
\l__iow_one_indent_int=\count125
\l__iow_indent_int=\count126
\c_zero_dim=\dimen179
\c_max_dim=\dimen180
\l_tmpa_dim=\dimen181
\l_tmpb_dim=\dimen182
\g_tmpa_dim=\dimen183
\g_tmpb_dim=\dimen184
\c_zero_skip=\skip45
\c_max_skip=\skip46
\l_tmpa_skip=\skip47
\l_tmpb_skip=\skip48
\g_tmpa_skip=\skip49
\g_tmpb_skip=\skip50
\c_zero_muskip=\muskip10
\c_max_muskip=\muskip11
\l_tmpa_muskip=\muskip12
\l_tmpb_muskip=\muskip13
\g_tmpa_muskip=\muskip14
\g_tmpb_muskip=\muskip15
\l_keys_choice_int=\count127
\c__fp_leading_shift_int=\count128
\c__fp_middle_shift_int=\count129
\c__fp_trailing_shift_int=\count130
\c__fp_big_leading_shift_int=\count131
\c__fp_big_middle_shift_int=\count132
\c__fp_big_trailing_shift_int=\count133
\c__fp_Bigg_leading_shift_int=\count134
\c__fp_Bigg_middle_shift_int=\count135
\c__fp_Bigg_trailing_shift_int=\count136
\c__fp_rand_size_int=\count137
\c__fp_rand_four_int=\count138
\c__fp_rand_eight_int=\count139
\l__sort_length_int=\count140
\l__sort_min_int=\count141
\l__sort_top_int=\count142
\l__sort_max_int=\count143
\l__sort_true_max_int=\count144
\l__sort_block_int=\count145
\l__sort_begin_int=\count146
\l__sort_end_int=\count147
\l__sort_A_int=\count148
\l__sort_B_int=\count149
\l__sort_C_int=\count150
\l__tl_build_start_index_int=\count151
\l__tl_build_index_int=\count152
\l__tl_analysis_normal_int=\count153
\l__tl_analysis_index_int=\count154
\l__tl_analysis_nesting_int=\count155
\l__tl_analysis_type_int=\count156
\l__regex_internal_a_int=\count157
\l__regex_internal_b_int=\count158
\l__regex_internal_c_int=\count159
\l__regex_balance_int=\count160
\l__regex_group_level_int=\count161
\l__regex_mode_int=\count162
\c__regex_cs_in_class_mode_int=\count163
\c__regex_cs_mode_int=\count164
\l__regex_catcodes_int=\count165
\l__regex_default_catcodes_int=\count166
\c__regex_catcode_D_int=\count167
\c__regex_catcode_S_int=\count168
\c__regex_catcode_L_int=\count169
\c__regex_catcode_O_int=\count170
\c__regex_catcode_A_int=\count171
\c__regex_all_catcodes_int=\count172
\l__regex_show_lines_int=\count173
\l__regex_min_state_int=\count174
\l__regex_max_state_int=\count175
\l__regex_left_state_int=\count176
\l__regex_right_state_int=\count177
\l__regex_capturing_group_int=\count178
\l__regex_min_pos_int=\count179
\l__regex_max_pos_int=\count180
\l__regex_curr_pos_int=\count181
\l__regex_start_pos_int=\count182
\l__regex_success_pos_int=\count183
\l__regex_curr_char_int=\count184
\l__regex_curr_catcode_int=\count185
\l__regex_last_char_int=\count186
\l__regex_case_changed_char_int=\count187
\l__regex_curr_state_int=\count188
\l__regex_step_int=\count189
\l__regex_min_active_int=\count190
\l__regex_max_active_int=\count191
\l__regex_replacement_csnames_int=\count192
\l__regex_match_count_int=\count193
\l__regex_min_submatch_int=\count194
\l__regex_submatch_int=\count195
\l__regex_zeroth_submatch_int=\count196
\g__regex_trace_regex_int=\count197
\c_empty_box=\box41
\l_tmpa_box=\box42
\l_tmpb_box=\box43
\g_tmpa_box=\box44
\g_tmpb_box=\box45
\l__box_top_dim=\dimen185
\l__box_bottom_dim=\dimen186
\l__box_left_dim=\dimen187
\l__box_right_dim=\dimen188
\l__box_top_new_dim=\dimen189
\l__box_bottom_new_dim=\dimen190
\l__box_left_new_dim=\dimen191
\l__box_right_new_dim=\dimen192
\l__box_internal_box=\box46
\l__coffin_internal_box=\box47
\l__coffin_internal_dim=\dimen193
\l__coffin_offset_x_dim=\dimen194
\l__coffin_offset_y_dim=\dimen195
\l__coffin_x_dim=\dimen196
\l__coffin_y_dim=\dimen197
\l__coffin_x_prime_dim=\dimen198
\l__coffin_y_prime_dim=\dimen199
\c_empty_coffin=\box48
\l__coffin_aligned_coffin=\box49
\l__coffin_aligned_internal_coffin=\box50
\l_tmpa_coffin=\box51
\l_tmpb_coffin=\box52
\l__coffin_display_coffin=\box53
\l__coffin_display_coord_coffin=\box54
\l__coffin_display_pole_coffin=\box55
\l__coffin_display_offset_dim=\dimen256
\l__coffin_display_x_dim=\dimen257
\l__coffin_display_y_dim=\dimen258
\l__coffin_bounding_shift_dim=\dimen259
\l__coffin_left_corner_dim=\dimen260
\l__coffin_right_corner_dim=\dimen261
\l__coffin_bottom_corner_dim=\dimen262
\l__coffin_top_corner_dim=\dimen263
\l__coffin_scaled_total_height_dim=\dimen264
\l__coffin_scaled_width_dim=\dimen265
)
(/usr/local/texlive/2018/texmf-dist/tex/latex/l3kernel/l3pdfmode.def
File: l3pdfmode.def 2017/03/18 v L3 Experimental driver: PDF mode
\l__driver_color_stack_int=\count198
))
(/usr/local/texlive/2018/texmf-dist/tex/latex/l3packages/xparse/xparse.sty
Package: xparse 2018/02/21 L3 Experimental document command parser
\l__xparse_current_arg_int=\count199
\g__xparse_grabber_int=\count266
\l__xparse_m_args_int=\count267
\l__xparse_mandatory_args_int=\count268
\l__xparse_v_nesting_int=\count269
)
Package: siunitx 2018-03-20 v2.7m A comprehensive (SI) units package

(/usr/local/texlive/2018/texmf-dist/tex/latex/amsmath/amstext.sty
Package: amstext 2000/06/29 v2.01 AMS text

(/usr/local/texlive/2018/texmf-dist/tex/latex/amsmath/amsgen.sty
File: amsgen.sty 1999/11/30 v2.0 generic functions
\@emptytoks=\toks36
\ex@=\dimen266
))
(/usr/local/texlive/2018/texmf-dist/tex/latex/l3packages/l3keys2e/l3keys2e.sty
Package: l3keys2e 2018/02/21 LaTeX2e option processing using LaTeX3 keys
)
\l__siunitx_tmp_box=\box56
\l__siunitx_tmp_dim=\dimen267
\l__siunitx_tmp_int=\count270
\l__siunitx_number_mantissa_length_int=\count271
\l__siunitx_number_uncert_length_int=\count272
\l__siunitx_round_int=\count273
\l__siunitx_process_decimal_int=\count274
\l__siunitx_process_uncertainty_int=\count275
\l__siunitx_process_fixed_int=\count276
\l__siunitx_process_integer_min_int=\count277
\l__siunitx_process_precision_int=\count278
\l__siunitx_group_min_int=\count279
\l__siunitx_angle_marker_box=\box57
\l__siunitx_angle_unit_box=\box58
\l__siunitx_angle_marker_dim=\dimen268
\l__siunitx_angle_unit_dim=\dimen269
\l__siunitx_unit_int=\count280
\l__siunitx_unit_denominator_int=\count281
\l__siunitx_unit_numerator_int=\count282
\l__siunitx_unit_prefix_int=\count283
\l__siunitx_unit_prefix_base_int=\count284
\l__siunitx_unit_prefix_gram_int=\count285
\l__siunitx_number_product_int=\count286
\c__siunitx_one_fill_skip=\skip51
\l__siunitx_table_unit_align_skip=\skip52
\l__siunitx_table_exponent_dim=\dimen270
\l__siunitx_table_integer_dim=\dimen271
\l__siunitx_table_mantissa_dim=\dimen272
\l__siunitx_table_marker_dim=\dimen273
\l__siunitx_table_result_dim=\dimen274
\l__siunitx_table_uncert_dim=\dimen275
\l__siunitx_table_fill_pre_dim=\dimen276
\l__siunitx_table_fill_post_dim=\dimen277
\l__siunitx_table_fill_mid_dim=\dimen278
\l__siunitx_table_pre_box=\box59
\l__siunitx_table_post_box=\box60
\l__siunitx_table_mantissa_box=\box61
\l__siunitx_table_result_box=\box62
\l__siunitx_table_number_align_skip=\skip53
\l__siunitx_table_text_align_skip=\skip54
.................................................
. LaTeX info: "xparse/define-command"
. 
. Defining command \DeclareBinaryPrefix with sig. 'mmm' on line 7244.
.................................................
.................................................
. LaTeX info: "xparse/define-command"
. 
. Defining command \DeclareSIPostPower with sig. 'mm' on line 7247.
.................................................
.................................................
. LaTeX info: "xparse/define-command"
. 
. Defining command \DeclareSIPrefix with sig. 'mmm' on line 7250.
.................................................
.................................................
. LaTeX info: "xparse/define-command"
. 
. Defining command \DeclareSIPrePower with sig. 'mm' on line 7253.
.................................................
.................................................
. LaTeX info: "xparse/define-command"
. 
. Defining command \DeclareSIQualifier with sig. 'mm' on line 7256.
.................................................
.................................................
. LaTeX info: "xparse/define-command"
. 
. Defining command \DeclareSIUnit with sig. 'O{}mm' on line 7259.
.................................................
.................................................
. LaTeX info: "xparse/define-command"
. 
. Defining command \DeclareSIUnitWithOptions with sig. 'mmm' on line 7262.
.................................................
.................................................
. LaTeX info: "xparse/define-command"
. 
. Defining command \ang with sig. 'o>{\SplitArgument {2}{;}}m' on line 7277.
.................................................
.................................................
. LaTeX info: "xparse/define-command"
. 
. Defining command \num with sig. 'om' on line 7286.
.................................................
.................................................
. LaTeX info: "xparse/define-command"
. 
. Defining command \numlist with sig. 'o>{\SplitList {;}}m' on line 7295.
.................................................
.................................................
. LaTeX info: "xparse/define-command"
. 
. Defining command \numrange with sig. 'omm' on line 7304.
.................................................
.................................................
. LaTeX info: "xparse/define-command"
. 
. Defining command \SIlist with sig. 'o>{\SplitList {;}}mm' on line 7316.
.................................................
.................................................
. LaTeX info: "xparse/define-command"
. 
. Defining command \SIrange with sig. 'ommm' on line 7328.
.................................................
.................................................
. LaTeX info: "xparse/define-command"
. 
. Defining command \SI with sig. 'omom' on line 7340.
.................................................
.................................................
. LaTeX info: "xparse/define-command"
. 
. Defining command \sisetup with sig. 'm' on line 7343.
.................................................
.................................................
. LaTeX info: "xparse/define-command"
. 
. Defining command \tablenum with sig. 'om' on line 7358.
.................................................
.................................................
. LaTeX info: "xparse/define-command"
. 
. Defining command \si with sig. 'om' on line 7370.
.................................................
.................................................
. LaTeX info: "xparse/define-command"
. 
. Defining command \numInBookmark with sig. 'om' on line 7417.
.................................................
.................................................
. LaTeX info: "xparse/define-command"
. 
. Defining command \numrangeInBookmark with sig. 'omm' on line 7419.
.................................................
.................................................
. LaTeX info: "xparse/define-command"
. 
. Defining command \SIInBookmark with sig. 'omom' on line 7421.
.................................................
.................................................
. LaTeX info: "xparse/define-command"
. 
. Defining command \SIlistInBookmark with sig. 'omm' on line 7423.
.................................................
.................................................
. LaTeX info: "xparse/define-command"
. 
. Defining command \SIrangeInBookmark with sig. 'ommm' on line 7425.
.................................................
.................................................
. LaTeX info: "xparse/define-command"
. 
. Defining command \siInBookmark with sig. 'om' on line 7426.
.................................................
\g__file_internal_ior=\read2
(/usr/local/texlive/2018/texmf-dist/tex/latex/translator/translator.sty
Package: translator 2018/01/04 v1.12 Easy translation of strings in LaTeX
))
(/usr/local/texlive/2018/texmf-dist/tex/latex/fancyhdr/fancyhdr.sty
Package: fancyhdr 2017/06/30 v3.9a Extensive control of page headers and footer
s
\f@nch@headwidth=\skip55
\f@nch@O@elh=\skip56
\f@nch@O@erh=\skip57
\f@nch@O@olh=\skip58
\f@nch@O@orh=\skip59
\f@nch@O@elf=\skip60
\f@nch@O@erf=\skip61
\f@nch@O@olf=\skip62
\f@nch@O@orf=\skip63
)
(/usr/local/texlive/2018/texmf-dist/tex/latex/oberdiek/grffile.sty
Package: grffile 2017/06/30 v1.18 Extended file name support for graphics (HO)

(/usr/local/texlive/2018/texmf-dist/tex/generic/oberdiek/ifpdf.sty
Package: ifpdf 2017/03/15 v3.2 Provides the ifpdf switch
)
(/usr/local/texlive/2018/texmf-dist/tex/generic/ifxetex/ifxetex.sty
Package: ifxetex 2010/09/12 v0.6 Provides ifxetex conditional
)
(/usr/local/texlive/2018/texmf-dist/tex/latex/oberdiek/kvoptions.sty
Package: kvoptions 2016/05/16 v3.12 Key value format for package options (HO)

(/usr/local/texlive/2018/texmf-dist/tex/generic/oberdiek/ltxcmds.sty
Package: ltxcmds 2016/05/16 v1.23 LaTeX kernel commands for general use (HO)
)
(/usr/local/texlive/2018/texmf-dist/tex/generic/oberdiek/kvsetkeys.sty
Package: kvsetkeys 2016/05/16 v1.17 Key value parser (HO)

(/usr/local/texlive/2018/texmf-dist/tex/generic/oberdiek/infwarerr.sty
Package: infwarerr 2016/05/16 v1.4 Providing info/warning/error messages (HO)
)
(/usr/local/texlive/2018/texmf-dist/tex/generic/oberdiek/etexcmds.sty
Package: etexcmds 2016/05/16 v1.6 Avoid name clashes with e-TeX commands (HO)

(/usr/local/texlive/2018/texmf-dist/tex/generic/oberdiek/ifluatex.sty
Package: ifluatex 2016/05/16 v1.4 Provides the ifluatex switch (HO)
Package ifluatex Info: LuaTeX not detected.
)
Package etexcmds Info: Could not find \expanded.
(etexcmds)             That can mean that you are not using pdfTeX 1.50 or
(etexcmds)             that some package has redefined \expanded.
(etexcmds)             In the latter case, load this package earlier.
)))
(/usr/local/texlive/2018/texmf-dist/tex/generic/oberdiek/pdftexcmds.sty
Package: pdftexcmds 2018/01/30 v0.27 Utility functions of pdfTeX for LuaTeX (HO
)
Package pdftexcmds Info: LuaTeX not detected.
Package pdftexcmds Info: \pdf@primitive is available.
Package pdftexcmds Info: \pdf@ifprimitive is available.
Package pdftexcmds Info: \pdfdraftmode found.
)
Package grffile Info: Option `multidot' is set to `true'.
Package grffile Info: Option `extendedchars' is set to `false'.
Package grffile Info: Option `space' is set to `true'.
Package grffile Info: \Gin@ii of package `graphicx' fixed on input line 494.
)
(/usr/local/texlive/2018/texmf-dist/tex/latex/cite/cite.sty
LaTeX Info: Redefining \cite on input line 302.
LaTeX Info: Redefining \nocite on input line 332.
Package: cite 2015/02/27  v 5.5
)
(/usr/local/texlive/2018/texmf-dist/tex/latex/caption/subcaption.sty
Package: subcaption 2016/05/22 v1.1-161 Sub-captions (AR)
\c@subfigure=\count287
\c@subtable=\count288
)
(/usr/local/texlive/2018/texmf-dist/tex/latex/adjustbox/adjustbox.sty
Package: adjustbox 2018/04/08 v1.1 Adjusting TeX boxes (trim, clip, ...)

(/usr/local/texlive/2018/texmf-dist/tex/latex/adjustbox/adjcalc.sty
Package: adjcalc 2012/05/16 v1.1 Provides advanced setlength with multiple back
-ends (calc, etex, pgfmath)
)
(/usr/local/texlive/2018/texmf-dist/tex/latex/adjustbox/trimclip.sty
Package: trimclip 2018/04/08 v1.1 Trim and clip general TeX material

(/usr/local/texlive/2018/texmf-dist/tex/latex/collectbox/collectbox.sty
Package: collectbox 2012/05/17 v0.4b Collect macro arguments as boxes
\collectedbox=\box63
)
\tc@llx=\dimen279
\tc@lly=\dimen280
\tc@urx=\dimen281
\tc@ury=\dimen282
Package trimclip Info: Using driver 'tc-pdftex.def'.

(/usr/local/texlive/2018/texmf-dist/tex/latex/adjustbox/tc-pdftex.def
File: tc-pdftex.def 2018/04/08 v2.1 Clipping driver for pdftex
))
\adjbox@Width=\dimen283
\adjbox@Height=\dimen284
\adjbox@Depth=\dimen285
\adjbox@Totalheight=\dimen286
\adjbox@pwidth=\dimen287
\adjbox@pheight=\dimen288
\adjbox@pdepth=\dimen289
\adjbox@ptotalheight=\dimen290

(/usr/local/texlive/2018/texmf-dist/tex/latex/ifoddpage/ifoddpage.sty
Package: ifoddpage 2016/04/23 v1.1 Conditionals for odd/even page detection
\c@checkoddpage=\count289
)
(/usr/local/texlive/2018/texmf-dist/tex/latex/varwidth/varwidth.sty
Package: varwidth 2009/03/30 ver 0.92;  Variable-width minipages
\@vwid@box=\box64
\sift@deathcycles=\count290
\@vwid@loff=\dimen291
\@vwid@roff=\dimen292
))
(/usr/local/texlive/2018/texmf-dist/tex/latex/float/float.sty
Package: float 2001/11/08 v1.3d Float enhancements (AL)
\c@float@type=\count291
\float@exts=\toks37
\float@box=\box65
\@float@everytoks=\toks38
\@floatcapt=\box66
)
(/usr/local/texlive/2018/texmf-dist/tex/latex/wrapfig/wrapfig.sty
\wrapoverhang=\dimen293
\WF@size=\dimen294
\c@WF@wrappedlines=\count292
\WF@box=\box67
\WF@everypar=\toks39
Package: wrapfig 2003/01/31  v 3.6
)
(/usr/local/texlive/2018/texmf-dist/tex/latex/cmap/cmap.sty
Package: cmap 2008/03/06 v1.0h CMap support: searchable PDF
)
(/usr/local/texlive/2018/texmf-dist/tex/generic/babel/babel.sty
Package: babel 2018/02/14 3.18 The Babel package

(/usr/local/texlive/2018/texmf-dist/tex/generic/babel/switch.def
File: switch.def 2018/02/14 3.18 Babel switching mechanism
)
(/usr/local/texlive/2018/texmf-dist/tex/generic/babel-english/english.ldf
Language: english 2017/06/06 v3.3r English support from the babel system

(/usr/local/texlive/2018/texmf-dist/tex/generic/babel/babel.def
File: babel.def 2018/02/14 3.18 Babel common definitions
\babel@savecnt=\count293
\U@D=\dimen295

(/usr/local/texlive/2018/texmf-dist/tex/generic/babel/txtbabel.def)
\bbl@dirlevel=\count294
)
\l@canadian = a dialect from \language\l@american 
\l@australian = a dialect from \language\l@british 
\l@newzealand = a dialect from \language\l@british 
)
(/usr/local/texlive/2018/texmf-dist/tex/generic/babel-german/ngerman.ldf
Language: ngerman 2018/03/29 v2.10 German support for babel (post-1996 orthogra
phy)

(/usr/local/texlive/2018/texmf-dist/tex/generic/babel-german/ngermanb.ldf
Language: ngermanb 2018/03/29 v2.10 German support for babel (post-1996 orthogr
aphy)
Package babel Info: Making " an active character on input line 121.
)))
(/usr/local/texlive/2018/texmf-dist/tex/generic/oberdiek/iflang.sty
Package: iflang 2018/01/21 v1.7 Checks for the current language (HO)
Package iflang Info: Naming convention for patterns: babel.
)
(/usr/local/texlive/2018/texmf-dist/tex/latex/amsmath/amsmath.sty
Package: amsmath 2017/09/02 v2.17a AMS math features
\@mathmargin=\skip64

For additional information on amsmath, use the `?' option.
(/usr/local/texlive/2018/texmf-dist/tex/latex/amsmath/amsbsy.sty
Package: amsbsy 1999/11/29 v1.2d Bold Symbols
\pmbraise@=\dimen296
)
(/usr/local/texlive/2018/texmf-dist/tex/latex/amsmath/amsopn.sty
Package: amsopn 2016/03/08 v2.02 operator names
)
\inf@bad=\count295
LaTeX Info: Redefining \frac on input line 213.
\uproot@=\count296
\leftroot@=\count297
LaTeX Info: Redefining \overline on input line 375.
\classnum@=\count298
\DOTSCASE@=\count299
LaTeX Info: Redefining \ldots on input line 472.
LaTeX Info: Redefining \dots on input line 475.
LaTeX Info: Redefining \cdots on input line 596.
\Mathstrutbox@=\box68
\strutbox@=\box69
\big@size=\dimen297
LaTeX Font Info:    Redeclaring font encoding OML on input line 712.
LaTeX Font Info:    Redeclaring font encoding OMS on input line 713.
\macc@depth=\count300
\c@MaxMatrixCols=\count301
\dotsspace@=\muskip16
\c@parentequation=\count302
\dspbrk@lvl=\count303
\tag@help=\toks40
\row@=\count304
\column@=\count305
\maxfields@=\count306
\andhelp@=\toks41
\eqnshift@=\dimen298
\alignsep@=\dimen299
\tagshift@=\dimen300
\tagwidth@=\dimen301
\totwidth@=\dimen302
\lineht@=\dimen303
\@envbody=\toks42
\multlinegap=\skip65
\multlinetaggap=\skip66
\mathdisplay@stack=\toks43
LaTeX Info: Redefining \[ on input line 2817.
LaTeX Info: Redefining \] on input line 2818.
) (./index.aux

LaTeX Warning: Label `' multiply defined.


LaTeX Warning: Label `' multiply defined.


LaTeX Warning: Label `' multiply defined.


LaTeX Warning: Label `' multiply defined.


LaTeX Warning: Label `' multiply defined.


LaTeX Warning: Label `' multiply defined.


LaTeX Warning: Label `' multiply defined.


LaTeX Warning: Label `' multiply defined.


LaTeX Warning: Label `' multiply defined.


LaTeX Warning: Label `' multiply defined.


LaTeX Warning: Label `' multiply defined.


LaTeX Warning: Label `' multiply defined.


LaTeX Warning: Label `fig:B' multiply defined.

)
\openout1 = `index.aux'.

LaTeX Font Info:    Checking defaults for OML/cmm/m/it on input line 47.
LaTeX Font Info:    ... okay on input line 47.
LaTeX Font Info:    Checking defaults for T1/cmr/m/n on input line 47.
LaTeX Font Info:    ... okay on input line 47.
LaTeX Font Info:    Checking defaults for OT1/cmr/m/n on input line 47.
LaTeX Font Info:    ... okay on input line 47.
LaTeX Font Info:    Checking defaults for OMS/cmsy/m/n on input line 47.
LaTeX Font Info:    ... okay on input line 47.
LaTeX Font Info:    Checking defaults for OMX/cmex/m/n on input line 47.
LaTeX Font Info:    ... okay on input line 47.
LaTeX Font Info:    Checking defaults for U/cmr/m/n on input line 47.
LaTeX Font Info:    ... okay on input line 47.
 (/usr/local/texlive/2018/texmf-dist/tex/context/base/mkii/supp-pdf.mkii
[Loading MPS to PDF converter (version 2006.09.02).]
\scratchcounter=\count307
\scratchdimen=\dimen304
\scratchbox=\box70
\nofMPsegments=\count308
\nofMParguments=\count309
\everyMPshowfont=\toks44
\MPscratchCnt=\count310
\MPscratchDim=\dimen305
\MPnumerator=\count311
\makeMPintoPDFobject=\count312
\everyMPtoPDFconversion=\toks45
) (/usr/local/texlive/2018/texmf-dist/tex/latex/oberdiek/epstopdf-base.sty
Package: epstopdf-base 2016/05/15 v2.6 Base part for package epstopdf

(/usr/local/texlive/2018/texmf-dist/tex/latex/oberdiek/grfext.sty
Package: grfext 2016/05/16 v1.2 Manage graphics extensions (HO)

(/usr/local/texlive/2018/texmf-dist/tex/generic/oberdiek/kvdefinekeys.sty
Package: kvdefinekeys 2016/05/16 v1.4 Define keys (HO)
))
Package epstopdf-base Info: Redefining graphics rule for `.eps' on input line 4
38.
Package grfext Info: Graphics extension search list:
(grfext)             [.pdf,.png,.jpg,.mps,.jpeg,.jbig2,.jb2,.PDF,.PNG,.JPG,.JPE
G,.JBIG2,.JB2,.eps]
(grfext)             \AppendGraphicsExtensions on input line 456.

(/usr/local/texlive/2018/texmf-dist/tex/latex/latexconfig/epstopdf-sys.cfg
File: epstopdf-sys.cfg 2010/07/13 v1.3 Configuration of (r)epstopdf for TeX Liv
e
))
ABD: EveryShipout initializing macros
Package caption Info: Begin \AtBeginDocument code.
Package caption Info: float package is loaded.
Package caption Info: wrapfig package is loaded.
Package caption Info: End \AtBeginDocument code.
Now handling font encoding TS1 ...
... processing UTF-8 mapping file for font encoding TS1

(/usr/local/texlive/2018/texmf-dist/tex/latex/base/ts1enc.dfu
File: ts1enc.dfu 2018/04/05 v1.2c UTF-8 support for inputenc
   defining Unicode char U+00A2 (decimal 162)
   defining Unicode char U+00A3 (decimal 163)
   defining Unicode char U+00A4 (decimal 164)
   defining Unicode char U+00A5 (decimal 165)
   defining Unicode char U+00A6 (decimal 166)
   defining Unicode char U+00A7 (decimal 167)
   defining Unicode char U+00A8 (decimal 168)
   defining Unicode char U+00A9 (decimal 169)
   defining Unicode char U+00AA (decimal 170)
   defining Unicode char U+00AC (decimal 172)
   defining Unicode char U+00AE (decimal 174)
   defining Unicode char U+00AF (decimal 175)
   defining Unicode char U+00B0 (decimal 176)
   defining Unicode char U+00B1 (decimal 177)
   defining Unicode char U+00B2 (decimal 178)
   defining Unicode char U+00B3 (decimal 179)
   defining Unicode char U+00B4 (decimal 180)
   defining Unicode char U+00B5 (decimal 181)
   defining Unicode char U+00B6 (decimal 182)
   defining Unicode char U+00B7 (decimal 183)
   defining Unicode char U+00B9 (decimal 185)
   defining Unicode char U+00BA (decimal 186)
   defining Unicode char U+00BC (decimal 188)
   defining Unicode char U+00BD (decimal 189)
   defining Unicode char U+00BE (decimal 190)
   defining Unicode char U+00D7 (decimal 215)
   defining Unicode char U+00F7 (decimal 247)
   defining Unicode char U+0192 (decimal 402)
   defining Unicode char U+02C7 (decimal 711)
   defining Unicode char U+02D8 (decimal 728)
   defining Unicode char U+02DD (decimal 733)
   defining Unicode char U+0E3F (decimal 3647)
   defining Unicode char U+2016 (decimal 8214)
   defining Unicode char U+2020 (decimal 8224)
   defining Unicode char U+2021 (decimal 8225)
   defining Unicode char U+2022 (decimal 8226)
   defining Unicode char U+2030 (decimal 8240)
   defining Unicode char U+2031 (decimal 8241)
   defining Unicode char U+203B (decimal 8251)
   defining Unicode char U+203D (decimal 8253)
   defining Unicode char U+2044 (decimal 8260)
   defining Unicode char U+204E (decimal 8270)
   defining Unicode char U+2052 (decimal 8274)
   defining Unicode char U+20A1 (decimal 8353)
   defining Unicode char U+20A4 (decimal 8356)
   defining Unicode char U+20A6 (decimal 8358)
   defining Unicode char U+20A9 (decimal 8361)
   defining Unicode char U+20AB (decimal 8363)
   defining Unicode char U+20AC (decimal 8364)
   defining Unicode char U+20B1 (decimal 8369)
   defining Unicode char U+2103 (decimal 8451)
   defining Unicode char U+2116 (decimal 8470)
   defining Unicode char U+2117 (decimal 8471)
   defining Unicode char U+211E (decimal 8478)
   defining Unicode char U+2120 (decimal 8480)
   defining Unicode char U+2122 (decimal 8482)
   defining Unicode char U+2126 (decimal 8486)
   defining Unicode char U+2127 (decimal 8487)
   defining Unicode char U+212E (decimal 8494)
   defining Unicode char U+2190 (decimal 8592)
   defining Unicode char U+2191 (decimal 8593)
   defining Unicode char U+2192 (decimal 8594)
   defining Unicode char U+2193 (decimal 8595)
   defining Unicode char U+2329 (decimal 9001)
   defining Unicode char U+232A (decimal 9002)
   defining Unicode char U+2422 (decimal 9250)
   defining Unicode char U+25E6 (decimal 9702)
   defining Unicode char U+25EF (decimal 9711)
   defining Unicode char U+266A (decimal 9834)
   defining Unicode char U+FEFF (decimal 65279)
)
(/usr/local/texlive/2018/texmf-dist/tex/latex/translator/translator-basic-dicti
onary-English.dict
Dictionary: translator-basic-dictionary, Language: English 
)
(/usr/local/texlive/2018/texmf-dist/tex/latex/siunitx/siunitx-abbreviations.cfg
File: siunitx-abbreviations.cfg 2017/11/26 v2.7k siunitx: Abbreviated units
)<<ot1.cmap>><<oml.cmap>><<oms.cmap>><<omx.cmap>>
LaTeX Font Info:    Try loading font information for U+msa on input line 47.

(/usr/local/texlive/2018/texmf-dist/tex/latex/amsfonts/umsa.fd
File: umsa.fd 2013/01/14 v3.01 AMS symbols A
)
LaTeX Font Info:    Try loading font information for U+msb on input line 47.

(/usr/local/texlive/2018/texmf-dist/tex/latex/amsfonts/umsb.fd
File: umsb.fd 2013/01/14 v3.01 AMS symbols B
)<<ot1tt.cmap>>
(./config.tex)
<images/lmu_header.pdf, id=9, 845.0471pt x 113.8112pt>
File: images/lmu_header.pdf Graphic file (type pdf)
<use images/lmu_header.pdf>
Package pdftex.def Info: images/lmu_header.pdf  used on input line 68.
(pdftex.def)             Requested size: 583.57837pt x 78.59926pt.

Overfull \hbox (137.96164pt too wide) in paragraph at lines 64--70
 []|  |  |  [] 
 []


Overfull \hbox (5.65387pt too wide) in paragraph at lines 74--82
 [][] 
 []

<images/lmu_seal.pdf, id=10, 324.37186pt x 324.37186pt>
File: images/lmu_seal.pdf Graphic file (type pdf)
<use images/lmu_seal.pdf>
Package pdftex.def Info: images/lmu_seal.pdf  used on input line 87.
(pdftex.def)             Requested size: 368.58073pt x 368.60976pt.
File: images/lmu_seal.pdf Graphic file (type pdf)
<use images/lmu_seal.pdf>
Package pdftex.def Info: images/lmu_seal.pdf  used on input line 87.
(pdftex.def)             Requested size: 368.58073pt x 368.60976pt.
[1

{/usr/local/texlive/2018/texmf-var/fonts/map/pdftex/updmap/pdftex.map} <./image
s/lmu_seal.pdf> <./images/lmu_header.pdf>] [2] (./index.toc)
\tf@toc=\write4
\openout4 = `index.toc'.

 [1

] [2]
(./contents.tex
<images/JSSP.png, id=67, 362.35374pt x 140.525pt>
File: images/JSSP.png Graphic file (type png)
<use images/JSSP.png>
Package pdftex.def Info: images/JSSP.png  used on input line 21.
(pdftex.def)             Requested size: 181.17642pt x 70.26231pt.
 [3

]
Underfull \hbox (badness 10000) in paragraph at lines 25--26

 []

<images/fujitsu.jpg, id=75, 1846.9pt x 502.87875pt>
File: images/fujitsu.jpg Graphic file (type jpg)
<use images/fujitsu.jpg>
Package pdftex.def Info: images/fujitsu.jpg  used on input line 48.
(pdftex.def)             Requested size: 200.10063pt x 54.48044pt.
[4 <./images/JSSP.png>]
Underfull \hbox (badness 1142) in paragraph at lines 52--56
[]\OT1/cmr/m/n/10 Quantum An-ne-aling ist ei-
 []


Underfull \hbox (badness 3281) in paragraph at lines 52--56
\OT1/cmr/m/n/10 ble-me [12]. Fu-jit-su -- der
 []


Underfull \hbox (badness 10000) in paragraph at lines 58--70

 []

[5 <./images/fujitsu.jpg>]
<images/Pegasus.png, id=89, 15.96463pt x 15.83589pt>
File: images/Pegasus.png Graphic file (type png)
<use images/Pegasus.png>
Package pdftex.def Info: images/Pegasus.png  used on input line 73.
(pdftex.def)             Requested size: 96.59958pt x 95.84242pt.

Underfull \hbox (badness 1831) in paragraph at lines 74--74
[]\OT1/cmr/m/n/10 Abbildung 3: |Pe-ga-sus
 []


Underfull \hbox (badness 2564) in paragraph at lines 74--74
\OT1/cmr/m/n/10 ex-ter-nen und un-ge-ra-
 []

[6 <./images/Pegasus.png>]
Overfull \hbox (2.76842pt too wide) in paragraph at lines 85--89
\OT1/cmr/m/n/10 Zum einen nutzt es das so-ge-nann-te []Su-per-po-si-ti-ons-prin
-zip\, wel-ches einen Qubit-
 []


Underfull \hbox (badness 10000) in paragraph at lines 85--89

 []


Overfull \hbox (2.30617pt too wide) in paragraph at lines 97--100
\OT1/cmr/m/n/10 Des Wei-te-ren ha-ben For-scher des Phar-maun-ter-neh-mens Gla-
xoS-mit-h-Kli-ne (GSK)
 []

[7]
Underfull \hbox (badness 10000) in paragraph at lines 107--111

 []

[8]
Overfull \hbox (1.04225pt too wide) in paragraph at lines 154--157
\OT1/cmr/m/n/10 zusammengefasst wer-den und bil-den die zu op-ti-mie-ren-de Fun
k-ti-on $\OML/cmm/m/it/10 H$ \OT1/cmr/m/n/10 der QUBO.
 []

<images/QUBO_h0.png, id=101, 1011.78pt x 867.24pt>
File: images/QUBO_h0.png Graphic file (type png)
<use images/QUBO_h0.png>
Package pdftex.def Info: images/QUBO_h0.png  used on input line 162.
(pdftex.def)             Requested size: 68.99895pt x 67.24625pt.
<images/QUBO_h1.png, id=103, 1011.78pt x 867.24pt>
File: images/QUBO_h1.png Graphic file (type png)
<use images/QUBO_h1.png>
Package pdftex.def Info: images/QUBO_h1.png  used on input line 170.
(pdftex.def)             Requested size: 68.99895pt x 67.24625pt.
<images/QUBO_h2.png, id=105, 1011.78pt x 867.24pt>
File: images/QUBO_h2.png Graphic file (type png)
<use images/QUBO_h2.png>
Package pdftex.def Info: images/QUBO_h2.png  used on input line 178.
(pdftex.def)             Requested size: 68.99895pt x 67.24625pt.
<images/QUBO_h3.png, id=107, 1011.78pt x 867.24pt>
File: images/QUBO_h3.png Graphic file (type png)
<use images/QUBO_h3.png>
Package pdftex.def Info: images/QUBO_h3.png  used on input line 186.
(pdftex.def)             Requested size: 68.99895pt x 67.24625pt.
[9] [10 <./images/QUBO_h0.png> <./images/QUBO_h1.png> <./images/QUBO_h2.png> <.
/images/QUBO_h3.png>] [11]
<images/Job5.png, id=132, 702.625pt x 451.6875pt>
File: images/Job5.png Graphic file (type png)
<use images/Job5.png>
Package pdftex.def Info: images/Job5.png  used on input line 232.
(pdftex.def)             Requested size: 153.52753pt x 110.30945pt.
<images/Job10.png, id=134, 702.625pt x 451.6875pt>
File: images/Job10.png Graphic file (type png)
<use images/Job10.png>
Package pdftex.def Info: images/Job10.png  used on input line 240.
(pdftex.def)             Requested size: 153.52753pt x 110.30945pt.
<images/Job20.png, id=136, 702.625pt x 451.6875pt>
File: images/Job20.png Graphic file (type png)
<use images/Job20.png>
Package pdftex.def Info: images/Job20.png  used on input line 248.
(pdftex.def)             Requested size: 153.52753pt x 110.30945pt.
<images/Job50.png, id=138, 702.625pt x 451.6875pt>
File: images/Job50.png Graphic file (type png)
<use images/Job50.png>
Package pdftex.def Info: images/Job50.png  used on input line 256.
(pdftex.def)             Requested size: 153.52753pt x 110.30945pt.
<images/Job100.png, id=140, 702.625pt x 451.6875pt>
File: images/Job100.png Graphic file (type png)
<use images/Job100.png>
Package pdftex.def Info: images/Job100.png  used on input line 264.
(pdftex.def)             Requested size: 153.52753pt x 110.30945pt.
<images/Job500.png, id=142, 702.625pt x 451.6875pt>
File: images/Job500.png Graphic file (type png)
<use images/Job500.png>
Package pdftex.def Info: images/Job500.png  used on input line 272.
(pdftex.def)             Requested size: 153.52753pt x 110.30945pt.
<images/Job1000.png, id=144, 702.625pt x 501.875pt>
File: images/Job1000.png Graphic file (type png)
<use images/Job1000.png>
Package pdftex.def Info: images/Job1000.png  used on input line 280.
(pdftex.def)             Requested size: 153.52753pt x 122.56606pt.
<images/Job5000.png, id=146, 702.625pt x 501.875pt>
File: images/Job5000.png Graphic file (type png)
<use images/Job5000.png>
Package pdftex.def Info: images/Job5000.png  used on input line 288.
(pdftex.def)             Requested size: 153.52753pt x 122.56606pt.

Overfull \vbox (20.1944pt too high) has occurred while \output is active []


[12 <./images/Job5.png> <./images/Job10.png> <./images/Job20.png> <./images/Job
50.png> <./images/Job100.png> <./images/Job500.png> <./images/Job1000.png> <./i
mages/Job5000.png>] [13]
<images/Best Known Solutions by Complexity.png, id=173, 578.16pt x 433.62pt>
File: images/Best Known Solutions by Complexity.png Graphic file (type png)
<use images/Best Known Solutions by Complexity.png>
Package pdftex.def Info: images/Best Known Solutions by Complexity.png  used on
 input line 349.
(pdftex.def)             Requested size: 163.8771pt x 116.64674pt.
<images/Good Known Solutions by Complexity.png, id=175, 578.16pt x 433.62pt>
File: images/Good Known Solutions by Complexity.png Graphic file (type png)
<use images/Good Known Solutions by Complexity.png>
Package pdftex.def Info: images/Good Known Solutions by Complexity.png  used on
 input line 357.
(pdftex.def)             Requested size: 163.8771pt x 116.64674pt.

Underfull \hbox (badness 10000) in paragraph at lines 367--368

 []

<images/D Wave Deviation.png, id=177, 578.16pt x 433.62pt>
File: images/D Wave Deviation.png Graphic file (type png)
<use images/D Wave Deviation.png>
Package pdftex.def Info: images/D Wave Deviation.png  used on input line 373.
(pdftex.def)             Requested size: 170.77332pt x 107.90627pt.
<images/Fujitsu Deviation.png, id=179, 578.16pt x 433.62pt>
File: images/Fujitsu Deviation.png Graphic file (type png)
<use images/Fujitsu Deviation.png>
Package pdftex.def Info: images/Fujitsu Deviation.png  used on input line 381.
(pdftex.def)             Requested size: 170.77332pt x 107.90627pt.
[14 <./images/Best Known Solutions by Complexity.png> <./images/Good Known Solu
tions by Complexity.png> <./images/D Wave Deviation.png> <./images/Fujitsu Devi
ation.png>]
Overfull \hbox (12.94391pt too wide) in paragraph at lines 394--396
\OT1/cmr/m/n/10 F[]ur die D-Wave Ad-van-ta-ge QPU ha-ben wir un-se-ren L[]osung
sansatz wei-ter pr[]azisiert
 []

<images/Chain SettingsBKS.png, id=193, 361.35pt x 361.35pt>
File: images/Chain SettingsBKS.png Graphic file (type png)
<use images/Chain SettingsBKS.png>
Package pdftex.def Info: images/Chain SettingsBKS.png  used on input line 402.
(pdftex.def)             Requested size: 86.25pt x 85.1788pt.

Underfull \hbox (badness 5331) in paragraph at lines 403--403
\OT1/cmr/m/n/10 Set-tings f[]ur nor-ma-li-
 []


Underfull \hbox (badness 10000) in paragraph at lines 397--406

 []

[15 <./images/Chain SettingsBKS.png>]
<images/Reverse_s_target.png, id=200, 1068.99374pt x 215.80624pt>
File: images/Reverse_s_target.png Graphic file (type png)
<use images/Reverse_s_target.png>
Package pdftex.def Info: images/Reverse_s_target.png  used on input line 415.
(pdftex.def)             Requested size: 301.875pt x 60.94232pt.
<images/Reverse_hold_time.png, id=201, 1065.9825pt x 215.80624pt>
File: images/Reverse_hold_time.png Graphic file (type png)
<use images/Reverse_hold_time.png>
Package pdftex.def Info: images/Reverse_hold_time.png  used on input line 423.
(pdftex.def)             Requested size: 301.875pt x 61.11356pt.
<images/Optimal Sub-QUBO Size.png, id=202, 578.16pt x 433.62pt>
File: images/Optimal Sub-QUBO Size.png Graphic file (type png)
<use images/Optimal Sub-QUBO Size.png>
Package pdftex.def Info: images/Optimal Sub-QUBO Size.png  used on input line 4
40.
(pdftex.def)             Requested size: 155.24895pt x 116.43716pt.
 [16 <./images/Reverse_s_target.png> <./images/Reverse_hold_time.png>]
Underfull \hbox (badness 10000) in paragraph at lines 445--447

 []

[17 <./images/Optimal Sub-QUBO Size.png>]
<images/Qulacs_pre-op_20.png, id=213, 494.84875pt x 331.2375pt>
File: images/Qulacs_pre-op_20.png Graphic file (type png)
<use images/Qulacs_pre-op_20.png>
Package pdftex.def Info: images/Qulacs_pre-op_20.png  used on input line 460.
(pdftex.def)             Requested size: 137.9979pt x 92.37184pt.

Underfull \hbox (badness 1132) in paragraph at lines 465--468
\OT1/cmr/m/n/10 si-sche Com-pu-ter noch das Ver-hal-ten von
 []


Underfull \hbox (badness 1062) in paragraph at lines 465--468
\OT1/cmr/m/n/10 Quan-ten-com-pu-tern zu si-mu-lie-ren und da-
 []


Overfull \hbox (2.3051pt too wide) in paragraph at lines 470--473
\OT1/cmr/m/n/10 Die fol-gen-den Er-geb-nis-se stam-men von dem neu-en Quan-ten-
com-pu-ter IBM Quan-
 []

<images/IBM_small_1opt.png, id=214, 578.16pt x 397.485pt>
File: images/IBM_small_1opt.png Graphic file (type png)
<use images/IBM_small_1opt.png>
Package pdftex.def Info: images/IBM_small_1opt.png  used on input line 478.
(pdftex.def)             Requested size: 169.0519pt x 116.21991pt.
<images/IBM_small_2opt.png, id=215, 578.16pt x 397.485pt>
File: images/IBM_small_2opt.png Graphic file (type png)
<use images/IBM_small_2opt.png>
Package pdftex.def Info: images/IBM_small_2opt.png  used on input line 486.
(pdftex.def)             Requested size: 169.0519pt x 116.21991pt.
[18 <./images/Qulacs_pre-op_20.png>]
Overfull \hbox (6.25056pt too wide) in paragraph at lines 497--502
\OT1/cmr/m/n/10 Die Er-geb-nis-se des Ri-get-ti Aspen-9 in Ka-li-for-ni-en, an-
ge-steu-ert []uber AWS Bracket,
 []


Underfull \hbox (badness 10000) in paragraph at lines 497--502

 []


Underfull \hbox (badness 10000) in paragraph at lines 497--502

 []

<images/Rigetti_small_1opt.png, id=220, 578.16pt x 397.485pt>
File: images/Rigetti_small_1opt.png Graphic file (type png)
<use images/Rigetti_small_1opt.png>
Package pdftex.def Info: images/Rigetti_small_1opt.png  used on input line 510.

(pdftex.def)             Requested size: 169.0519pt x 116.21991pt.
<images/Rigetti_small_2opt.png, id=221, 578.16pt x 397.485pt>
File: images/Rigetti_small_2opt.png Graphic file (type png)
<use images/Rigetti_small_2opt.png>
Package pdftex.def Info: images/Rigetti_small_2opt.png  used on input line 518.

(pdftex.def)             Requested size: 169.0519pt x 116.21991pt.
[19 <./images/IBM_small_1opt.png> <./images/IBM_small_2opt.png>] [20 <./images/
Rigetti_small_1opt.png> <./images/Rigetti_small_2opt.png>]
Overfull \hbox (17.02837pt too wide) in paragraph at lines 545--554
 [][] 
 []


Overfull \hbox (17.02837pt too wide) in paragraph at lines 559--568
 [][] 
 []


Overfull \hbox (17.02837pt too wide) in paragraph at lines 576--585
 [][] 
 []


Overfull \hbox (17.02837pt too wide) in paragraph at lines 591--600
 [][] 
 []


Overfull \hbox (17.02837pt too wide) in paragraph at lines 606--615
 [][] 
 []


Overfull \hbox (17.02837pt too wide) in paragraph at lines 621--631
 [][] 
 []

[21]
Overfull \hbox (17.02837pt too wide) in paragraph at lines 637--648
 [][] 
 []


Overfull \hbox (17.02837pt too wide) in paragraph at lines 657--672
 [][] 
 []


Underfull \hbox (badness 2221) in paragraph at lines 689--689
[]|\OT1/cmr/m/n/10 number ite-ra-ti-
 []


Underfull \hbox (badness 10000) in paragraph at lines 689--690
[]|\OT1/cmr/m/n/10 Gesamtanzahl der Ite-ra-tio-nen pro
 []


Underfull \hbox (badness 10000) in paragraph at lines 690--690
[]|\OT1/cmr/m/n/10 temperature
 []


Underfull \hbox (badness 10000) in paragraph at lines 691--691
[]|\OT1/cmr/m/n/10 temperature
 []


Underfull \hbox (badness 10000) in paragraph at lines 692--693
[]|\OT1/cmr/m/n/10 Anzahl Ite-ra-tio-nen (Tem-pe-ra-tur
 []


Underfull \hbox (badness 10000) in paragraph at lines 693--693
[]|\OT1/cmr/m/n/10 temperature
 []


Underfull \hbox (badness 4699) in paragraph at lines 693--694
[]|\OT1/cmr/m/n/10 Temperatur wird pro temperature-
 []


Underfull \hbox (badness 10000) in paragraph at lines 694--694
[]|\OT1/cmr/m/n/10 offset in-cre-a-se
 []


Underfull \hbox (badness 10000) in paragraph at lines 695--695
[]|\OT1/cmr/m/n/10 optimization
 []


Overfull \hbox (20.20667pt too wide) in paragraph at lines 681--701
 [][] 
 []

[22]
Underfull \hbox (badness 10000) in paragraph at lines 714--714
[]|\OT1/cmr/m/n/10 Embedding Com-
 []


Underfull \hbox (badness 1590) in paragraph at lines 714--715
[]|\OT1/cmr/m/n/10 D-Waves Samp-ler f[]ur au-to-ma-ti-sches
 []


Underfull \hbox (badness 10000) in paragraph at lines 715--715
[]|\OT1/cmr/m/n/10 FixedEmbedding
 []


Underfull \hbox (badness 3471) in paragraph at lines 715--716
[]|\OT1/cmr/m/n/10 D-Waves Samp-ler f[]ur fi-xes Minor-
 []


Overfull \hbox (20.20667pt too wide) in paragraph at lines 708--720
 [][] 
 []


Overfull \hbox (20.20667pt too wide) in paragraph at lines 728--739
 [][] 
 []

[23]
LaTeX Font Info:    Try loading font information for OMS+cmr on input line 746.

 (/usr/local/texlive/2018/texmf-dist/tex/latex/base/omscmr.fd
File: omscmr.fd 2014/09/29 v2.5h Standard LaTeX font definitions
)
LaTeX Font Info:    Font shape `OMS/cmr/m/n' in size <10> not available
(Font)              Font shape `OMS/cmsy/m/n' tried instead on input line 746.
<images/SolversJob10.png, id=242, 578.16pt x 433.62pt>
File: images/SolversJob10.png Graphic file (type png)
<use images/SolversJob10.png>
Package pdftex.def Info: images/SolversJob10.png  used on input line 782.
(pdftex.def)             Requested size: 170.77332pt x 128.07558pt.
<images/SolversJob20.png, id=243, 578.16pt x 433.62pt>
File: images/SolversJob20.png Graphic file (type png)
<use images/SolversJob20.png>
Package pdftex.def Info: images/SolversJob20.png  used on input line 790.
(pdftex.def)             Requested size: 170.77332pt x 128.07558pt.
<images/SolversJob50.png, id=244, 578.16pt x 433.62pt>
File: images/SolversJob50.png Graphic file (type png)
<use images/SolversJob50.png>
Package pdftex.def Info: images/SolversJob50.png  used on input line 798.
(pdftex.def)             Requested size: 170.77332pt x 128.07558pt.
<images/SolversJob100.png, id=245, 578.16pt x 433.62pt>
File: images/SolversJob100.png Graphic file (type png)
<use images/SolversJob100.png>
Package pdftex.def Info: images/SolversJob100.png  used on input line 806.
(pdftex.def)             Requested size: 170.77332pt x 128.07558pt.
 [24]
<images/Embedding10.png, id=249, 386.94562pt x 386.94562pt>
File: images/Embedding10.png Graphic file (type png)
<use images/Embedding10.png>
Package pdftex.def Info: images/Embedding10.png  used on input line 821.
(pdftex.def)             Requested size: 137.9979pt x 137.99545pt.
<images/Embedding20.png, id=250, 389.95688pt x 389.95688pt>
File: images/Embedding20.png Graphic file (type png)
<use images/Embedding20.png>
Package pdftex.def Info: images/Embedding20.png  used on input line 829.
(pdftex.def)             Requested size: 137.9979pt x 137.9983pt.
<images/Embedding50.png, id=251, 359.84438pt x 359.84438pt>
File: images/Embedding50.png Graphic file (type png)
<use images/Embedding50.png>
Package pdftex.def Info: images/Embedding50.png  used on input line 837.
(pdftex.def)             Requested size: 137.9979pt x 137.99966pt.
<images/Embedding100.png, id=252, 356.83313pt x 356.83313pt>
File: images/Embedding100.png Graphic file (type png)
<use images/Embedding100.png>
Package pdftex.def Info: images/Embedding100.png  used on input line 845.
(pdftex.def)             Requested size: 137.9979pt x 137.99916pt.

[25 <./images/SolversJob10.png> <./images/SolversJob20.png> <./images/SolversJo
b50.png> <./images/SolversJob100.png>]) (./index.bbl [26 <./images/Embedding10.
png> <./images/Embedding20.png> <./images/Embedding50.png> <./images/Embedding1
00.png>] [27]) [28] (./index.aux)

LaTeX Warning: There were multiply-defined labels.

 ) 
Here is how much of TeX's memory you used:
 26894 strings out of 492649
 548256 string characters out of 6129623
 556382 words of memory out of 5000000
 30270 multiletter control sequences out of 15000+600000
 545878 words of font info for 82 fonts, out of 8000000 for 9000
 1141 hyphenation exceptions out of 8191
 62i,16n,92p,10377b,926s stack positions out of 5000i,500n,10000p,200000b,80000s
</usr/local/texlive/2018/texmf-dist/fonts/type1/public/amsfonts/cm/cmbx10.pfb
></usr/local/texlive/2018/texmf-dist/fonts/type1/public/amsfonts/cm/cmbx12.pfb>
</usr/local/texlive/2018/texmf-dist/fonts/type1/public/amsfonts/cm/cmbx9.pfb></
usr/local/texlive/2018/texmf-dist/fonts/type1/public/amsfonts/cm/cmcsc10.pfb></
usr/local/texlive/2018/texmf-dist/fonts/type1/public/amsfonts/cm/cmex10.pfb></u
sr/local/texlive/2018/texmf-dist/fonts/type1/public/amsfonts/cmextra/cmex9.pfb>
</usr/local/texlive/2018/texmf-dist/fonts/type1/public/amsfonts/cm/cmmi10.pfb><
/usr/local/texlive/2018/texmf-dist/fonts/type1/public/amsfonts/cm/cmmi5.pfb></u
sr/local/texlive/2018/texmf-dist/fonts/type1/public/amsfonts/cm/cmmi7.pfb></usr
/local/texlive/2018/texmf-dist/fonts/type1/public/amsfonts/cm/cmmi9.pfb></usr/l
ocal/texlive/2018/texmf-dist/fonts/type1/public/amsfonts/cm/cmr10.pfb></usr/loc
al/texlive/2018/texmf-dist/fonts/type1/public/amsfonts/cm/cmr12.pfb></usr/local
/texlive/2018/texmf-dist/fonts/type1/public/amsfonts/cm/cmr17.pfb></usr/local/t
exlive/2018/texmf-dist/fonts/type1/public/amsfonts/cm/cmr5.pfb></usr/local/texl
ive/2018/texmf-dist/fonts/type1/public/amsfonts/cm/cmr6.pfb></usr/local/texlive
/2018/texmf-dist/fonts/type1/public/amsfonts/cm/cmr7.pfb></usr/local/texlive/20
18/texmf-dist/fonts/type1/public/amsfonts/cm/cmr8.pfb></usr/local/texlive/2018/
texmf-dist/fonts/type1/public/amsfonts/cm/cmr9.pfb></usr/local/texlive/2018/tex
mf-dist/fonts/type1/public/amsfonts/cm/cmsy10.pfb></usr/local/texlive/2018/texm
f-dist/fonts/type1/public/amsfonts/cm/cmsy5.pfb></usr/local/texlive/2018/texmf-
dist/fonts/type1/public/amsfonts/cm/cmsy7.pfb></usr/local/texlive/2018/texmf-di
st/fonts/type1/public/amsfonts/cm/cmti10.pfb></usr/local/texlive/2018/texmf-dis
t/fonts/type1/public/amsfonts/cm/cmti8.pfb></usr/local/texlive/2018/texmf-dist/
fonts/type1/public/amsfonts/symbols/msam10.pfb></usr/local/texlive/2018/texmf-d
ist/fonts/type1/public/amsfonts/symbols/msbm10.pfb></usr/local/texlive/2018/tex
mf-dist/fonts/type1/urw/zapfding/uzdr.pfb>
Output written on index.pdf (30 pages, 8061787 bytes).
PDF statistics:
 351 PDF objects out of 1000 (max. 8388607)
 174 compressed objects within 2 object streams
 0 named destinations out of 1000 (max. 500000)
 325 words of extra memory for PDF output out of 10000 (max. 10000000)

